<?xml version="1.0" encoding="UTF-8"?>
<testsuite tests="39" failures="0" skipped="0">
<testcase classname="tests/mappings/mappings.update.test.js" name="Mappings - Update updates a mapping and verifies updated values persist" time="0.005"></testcase>
<testcase classname="tests/mappings/mappings.update.test.js" name="Mappings - Update rejects invalid user ID with exact bad request status" time="0.001"></testcase>
<testcase classname="tests/mappings/mappings.update.test.js" name="Mappings - Update rejects invalid role ID with exact bad request status" time="0.002"></testcase>
<testcase classname="tests/mappings/mappings.update.test.js" name="Mappings - Update rejects invalid institute ID with exact bad request status" time="0.001"></testcase>
<testcase classname="tests/security/jwt.test.js" name="Security - JWT rejects missing JWT with exact unauthorized status" time="0.002"></testcase>
<testcase classname="tests/security/jwt.test.js" name="Security - JWT rejects invalid JWT with exact unauthorized status" time="0.002"></testcase>
<testcase classname="tests/security/jwt.test.js" name="Security - JWT rejects tampered JWT with exact unauthorized status" time="0.001"></testcase>
<testcase classname="tests/security/jwt.test.js" name="Security - JWT rejects expired JWT with exact unauthorized status" time="0.001"></testcase>
<testcase classname="tests/performance/concurrentRequests.test.js" name="Performance - Concurrent Requests handles concurrent login requests within the response-time threshold" time="0.001"></testcase>
<testcase classname="tests/performance/concurrentRequests.test.js" name="Performance - Concurrent Requests handles concurrent protected context requests without server errors" time="0.001"></testcase>
<testcase classname="tests/mappings/mappings.delete.test.js" name="Mappings - Delete does not return a mapping after deletion" time="0.001"></testcase>
<testcase classname="tests/mappings/mappings.delete.test.js" name="Mappings - Delete rejects mapping attempts for deleted entities with exact not found status" time="0.001"></testcase>
<testcase classname="tests/mappings/mappings.delete.test.js" name="Mappings - Delete prevents orphan mapping scenarios after parent entity deletion" time="0.001"></testcase>
<testcase classname="tests/mappings/mappings.create.test.js" name="Mappings - Create creates a user-role-institute mapping" time="0.001"></testcase>
<testcase classname="tests/mappings/mappings.create.test.js" name="Mappings - Create rejects duplicate mapping creation with exact conflict status" time="0"></testcase>
<testcase classname="tests/mappings/mappings.create.test.js" name="Mappings - Create rejects missing required mapping fields with exact bad request status" time="0.001"></testcase>
<testcase classname="tests/auth/auth.login.test.js" name="Auth - Login logs in with valid credentials and returns token plus user context fields" time="0.001"></testcase>
<testcase classname="tests/auth/auth.login.test.js" name="Auth - Login rejects invalid credentials with exact unauthorized status" time="0.001"></testcase>
<testcase classname="tests/performance/stress.test.js" name="Performance - Stress keeps repeated protected calls stable under a light stress scenario" time="0.001"></testcase>
<testcase classname="tests/auth/auth.context.test.js" name="Auth - Context returns authenticated institute-role context with expected business fields" time="0.001"></testcase>
<testcase classname="tests/performance/responseTime.test.js" name="Performance - Response Time validates protected context API response time" time="0.001"></testcase>
<testcase classname="tests/institutes/institutes.update.test.js" name="Institutes - Update updates an institute and verifies updated values persist" time="0.001"></testcase>
<testcase classname="tests/security/authorization.test.js" name="Security - Authorization rejects unauthorized role access with exact forbidden status" time="0.001"></testcase>
<testcase classname="tests/roles/roles.update.test.js" name="Roles - Update updates a role and verifies updated values persist" time="0.001"></testcase>
<testcase classname="tests/users/users.update.test.js" name="Users - Update updates a user and verifies updated values persist" time="0.001"></testcase>
<testcase classname="tests/security/xss.test.js" name="Security - XSS does not reflect XSS payloads in login errors" time="0"></testcase>
<testcase classname="tests/security/sqlInjection.test.js" name="Security - SQL Injection does not expose SQL internals for injection-style login payloads" time="0.001"></testcase>
<testcase classname="tests/institutes/institutes.get.test.js" name="Institutes - Get gets an institute and verifies returned data matches the created record" time="0.001"></testcase>
<testcase classname="tests/institutes/institutes.delete.test.js" name="Institutes - Delete deletes an institute and verifies it is no longer accessible" time="0.001"></testcase>
<testcase classname="tests/mappings/mappings.get.test.js" name="Mappings - Get gets a mapping and verifies returned data matches the created record" time="0.001"></testcase>
<testcase classname="tests/security/malformedPayload.test.js" name="Security - Malformed Payload rejects malformed JSON with exact bad request status" time="0.001"></testcase>
<testcase classname="tests/users/users.get.test.js" name="Users - Get gets a user and verifies returned data matches the created record" time="0.001"></testcase>
<testcase classname="tests/roles/roles.get.test.js" name="Roles - Get gets a role and verifies returned data matches the created record" time="0"></testcase>
<testcase classname="tests/users/users.delete.test.js" name="Users - Delete deletes a user and verifies it is no longer accessible" time="0.001"></testcase>
<testcase classname="tests/roles/roles.delete.test.js" name="Roles - Delete deletes a role and verifies it is no longer accessible" time="0.001"></testcase>
<testcase classname="tests/institutes/institutes.create.test.js" name="Institutes - Create creates an institute and verifies a persisted identifier is returned" time="0.001"></testcase>
<testcase classname="tests/auth/auth.middleware.test.js" name="Auth - Middleware rejects missing JWT for protected context endpoint with exact unauthorized status" time="0.001"></testcase>
<testcase classname="tests/roles/roles.create.test.js" name="Roles - Create creates a role and verifies a persisted identifier is returned" time="0.001"></testcase>
<testcase classname="tests/users/users.create.test.js" name="Users - Create creates a user and verifies a persisted identifier is returned" time="0.001"></testcase>
</testsuite>