{"numFailedTestSuites":4,"numFailedTests":6,"numPassedTestSuites":2,"numPassedTests":48,"numPendingTestSuites":0,"numPendingTests":0,"numRuntimeErrorTestSuites":0,"numTodoTests":0,"numTotalTestSuites":6,"numTotalTests":54,"openHandles":[],"snapshot":{"added":0,"didUpdate":false,"failure":false,"filesAdded":0,"filesRemoved":0,"filesRemovedList":[],"filesUnmatched":0,"filesUpdated":0,"matched":0,"total":0,"unchecked":0,"uncheckedKeysByFile":[],"unmatched":0,"updated":0},"startTime":1780056574273,"success":false,"testResults":[{"assertionResults":[{"ancestorTitles":["User API","POST /users"],"duration":96,"failing":false,"failureDetails":[{"matcherResult":{"actual":500,"expected":201,"message":"\u001b[2mexpect(\u001b[22m\u001b[31mreceived\u001b[39m\u001b[2m).\u001b[22mtoBe\u001b[2m(\u001b[22m\u001b[32mexpected\u001b[39m\u001b[2m) // Object.is equality\u001b[22m\n\nExpected: \u001b[32m201\u001b[39m\nReceived: \u001b[31m500\u001b[39m","name":"toBe","pass":false}}],"failureMessages":["Error: \u001b[2mexpect(\u001b[22m\u001b[31mreceived\u001b[39m\u001b[2m).\u001b[22mtoBe\u001b[2m(\u001b[22m\u001b[32mexpected\u001b[39m\u001b[2m) // Object.is equality\u001b[22m\n\nExpected: \u001b[32m201\u001b[39m\nReceived: \u001b[31m500\u001b[39m\n    at Object.toBe (/Users/yogeshl12/Documents/SCOS_EXERCISES/exercise-2/backend/tests/user.test.js:27:30)\n    at processTicksAndRejections (node:internal/process/task_queues:95:5)"],"fullName":"User API POST /users create valid user returns success and hides password fields","invocations":1,"location":null,"numPassingAsserts":0,"retryReasons":[],"startAt":1780056574733,"status":"failed","title":"create valid user returns success and hides password fields"},{"ancestorTitles":["User API","POST /users"],"duration":68,"failing":false,"failureDetails":[{"matcherResult":{"actual":500,"expected":201,"message":"\u001b[2mexpect(\u001b[22m\u001b[31mreceived\u001b[39m\u001b[2m).\u001b[22mtoBe\u001b[2m(\u001b[22m\u001b[32mexpected\u001b[39m\u001b[2m) // Object.is equality\u001b[22m\n\nExpected: \u001b[32m201\u001b[39m\nReceived: \u001b[31m500\u001b[39m","name":"toBe","pass":false}}],"failureMessages":["Error: \u001b[2mexpect(\u001b[22m\u001b[31mreceived\u001b[39m\u001b[2m).\u001b[22mtoBe\u001b[2m(\u001b[22m\u001b[32mexpected\u001b[39m\u001b[2m) // Object.is equality\u001b[22m\n\nExpected: \u001b[32m201\u001b[39m\nReceived: \u001b[31m500\u001b[39m\n    at Object.toBe (/Users/yogeshl12/Documents/SCOS_EXERCISES/exercise-2/backend/tests/user.test.js:46:30)\n    at processTicksAndRejections (node:internal/process/task_queues:95:5)"],"fullName":"User API POST /users create user without first_name uses name fallback","invocations":1,"location":null,"numPassingAsserts":0,"retryReasons":[],"startAt":1780056574832,"status":"failed","title":"create user without first_name uses name fallback"},{"ancestorTitles":["User API","POST /users"],"duration":69,"failing":false,"failureDetails":[],"failureMessages":[],"fullName":"User API POST /users create user missing email returns error","invocations":1,"location":null,"numPassingAsserts":3,"retryReasons":[],"startAt":1780056574900,"status":"passed","title":"create user missing email returns error"},{"ancestorTitles":["User API","POST /users"],"duration":6,"failing":false,"failureDetails":[],"failureMessages":[],"fullName":"User API POST /users create user missing password returns error","invocations":1,"location":null,"numPassingAsserts":3,"retryReasons":[],"startAt":1780056574969,"status":"passed","title":"create user missing password returns error"},{"ancestorTitles":["User API","POST /users"],"duration":68,"failing":false,"failureDetails":[{"matcherResult":{"actual":500,"expected":201,"message":"\u001b[2mexpect(\u001b[22m\u001b[31mreceived\u001b[39m\u001b[2m).\u001b[22mtoBe\u001b[2m(\u001b[22m\u001b[32mexpected\u001b[39m\u001b[2m) // Object.is equality\u001b[22m\n\nExpected: \u001b[32m201\u001b[39m\nReceived: \u001b[31m500\u001b[39m","name":"toBe","pass":false}}],"failureMessages":["Error: \u001b[2mexpect(\u001b[22m\u001b[31mreceived\u001b[39m\u001b[2m).\u001b[22mtoBe\u001b[2m(\u001b[22m\u001b[32mexpected\u001b[39m\u001b[2m) // Object.is equality\u001b[22m\n\nExpected: \u001b[32m201\u001b[39m\nReceived: \u001b[31m500\u001b[39m\n    at Object.toBe (/Users/yogeshl12/Documents/SCOS_EXERCISES/exercise-2/backend/tests/user.test.js:78:32)\n    at processTicksAndRejections (node:internal/process/task_queues:95:5)"],"fullName":"User API POST /users duplicate email returns conflict error","invocations":1,"location":null,"numPassingAsserts":0,"retryReasons":[],"startAt":1780056574975,"status":"failed","title":"duplicate email returns conflict error"},{"ancestorTitles":["User API","POST /users"],"duration":3,"failing":false,"failureDetails":[],"failureMessages":[],"fullName":"User API POST /users empty request body returns error","invocations":1,"location":null,"numPassingAsserts":3,"retryReasons":[],"startAt":1780056575044,"status":"passed","title":"empty request body returns error"},{"ancestorTitles":["User API","Users route fallbacks"],"duration":3,"failing":false,"failureDetails":[],"failureMessages":[],"fullName":"User API Users route fallbacks GET /users returns 404 when route not available","invocations":1,"location":null,"numPassingAsserts":1,"retryReasons":[],"startAt":1780056575047,"status":"passed","title":"GET /users returns 404 when route not available"},{"ancestorTitles":["User API","Users route fallbacks"],"duration":2,"failing":false,"failureDetails":[],"failureMessages":[],"fullName":"User API Users route fallbacks GET /users/:id returns 404 for valid user id","invocations":1,"location":null,"numPassingAsserts":1,"retryReasons":[],"startAt":1780056575051,"status":"passed","title":"GET /users/:id returns 404 for valid user id"},{"ancestorTitles":["User API","Users route fallbacks"],"duration":7,"failing":false,"failureDetails":[],"failureMessages":[],"fullName":"User API Users route fallbacks GET /users/:id returns 404 for invalid user id","invocations":1,"location":null,"numPassingAsserts":1,"retryReasons":[],"startAt":1780056575053,"status":"passed","title":"GET /users/:id returns 404 for invalid user id"},{"ancestorTitles":["User API","Users route fallbacks"],"duration":2,"failing":false,"failureDetails":[],"failureMessages":[],"fullName":"User API Users route fallbacks PUT /users/:id returns 404 for update","invocations":1,"location":null,"numPassingAsserts":1,"retryReasons":[],"startAt":1780056575061,"status":"passed","title":"PUT /users/:id returns 404 for update"},{"ancestorTitles":["User API","Users route fallbacks"],"duration":2,"failing":false,"failureDetails":[],"failureMessages":[],"fullName":"User API Users route fallbacks DELETE /users/:id returns 404 for delete","invocations":1,"location":null,"numPassingAsserts":1,"retryReasons":[],"startAt":1780056575064,"status":"passed","title":"DELETE /users/:id returns 404 for delete"}],"endTime":1780056575079,"message":"\u001b[1m\u001b[31m  \u001b[1m● \u001b[22m\u001b[1mUser API › POST /users › create valid user returns success and hides password fields\u001b[39m\u001b[22m\n\n    \u001b[2mexpect(\u001b[22m\u001b[31mreceived\u001b[39m\u001b[2m).\u001b[22mtoBe\u001b[2m(\u001b[22m\u001b[32mexpected\u001b[39m\u001b[2m) // Object.is equality\u001b[22m\n\n    Expected: \u001b[32m201\u001b[39m\n    Received: \u001b[31m500\u001b[39m\n\u001b[2m\u001b[22m\n\u001b[2m    \u001b[0m \u001b[90m 25 |\u001b[39m       \u001b[36mconst\u001b[39m res \u001b[33m=\u001b[39m \u001b[36mawait\u001b[39m request\u001b[33m.\u001b[39mpost(\u001b[32m'/users'\u001b[39m)\u001b[33m.\u001b[39msend(payload)\u001b[33m;\u001b[39m\u001b[22m\n\u001b[2m     \u001b[90m 26 |\u001b[39m\u001b[22m\n\u001b[2m    \u001b[31m\u001b[1m>\u001b[22m\u001b[2m\u001b[39m\u001b[90m 27 |\u001b[39m       expect(res\u001b[33m.\u001b[39mstatusCode)\u001b[33m.\u001b[39mtoBe(\u001b[35m201\u001b[39m)\u001b[33m;\u001b[39m\u001b[22m\n\u001b[2m     \u001b[90m    |\u001b[39m                              \u001b[31m\u001b[1m^\u001b[22m\u001b[2m\u001b[39m\u001b[22m\n\u001b[2m     \u001b[90m 28 |\u001b[39m       expect(res\u001b[33m.\u001b[39mbody\u001b[33m.\u001b[39msuccess)\u001b[33m.\u001b[39mtoBe(\u001b[36mtrue\u001b[39m)\u001b[33m;\u001b[39m\u001b[22m\n\u001b[2m     \u001b[90m 29 |\u001b[39m       expect(res\u001b[33m.\u001b[39mbody\u001b[33m.\u001b[39mdata)\u001b[33m.\u001b[39mtoMatchObject({ email\u001b[33m:\u001b[39m payload\u001b[33m.\u001b[39memail\u001b[33m,\u001b[39m full_name\u001b[33m:\u001b[39m payload\u001b[33m.\u001b[39mfull_name })\u001b[33m;\u001b[39m\u001b[22m\n\u001b[2m     \u001b[90m 30 |\u001b[39m       expect(res\u001b[33m.\u001b[39mbody\u001b[33m.\u001b[39mdata\u001b[33m.\u001b[39mpassword)\u001b[33m.\u001b[39mtoBeUndefined()\u001b[33m;\u001b[39m\u001b[0m\u001b[22m\n\u001b[2m\u001b[22m\n\u001b[2m      \u001b[2mat Object.toBe (\u001b[22m\u001b[2m\u001b[0m\u001b[36mtests/user.test.js\u001b[39m\u001b[0m\u001b[2m:27:30)\u001b[22m\u001b[2m\u001b[22m\n\n\u001b[1m\u001b[31m  \u001b[1m● \u001b[22m\u001b[1mUser API › POST /users › create user without first_name uses name fallback\u001b[39m\u001b[22m\n\n    \u001b[2mexpect(\u001b[22m\u001b[31mreceived\u001b[39m\u001b[2m).\u001b[22mtoBe\u001b[2m(\u001b[22m\u001b[32mexpected\u001b[39m\u001b[2m) // Object.is equality\u001b[22m\n\n    Expected: \u001b[32m201\u001b[39m\n    Received: \u001b[31m500\u001b[39m\n\u001b[2m\u001b[22m\n\u001b[2m    \u001b[0m \u001b[90m 44 |\u001b[39m       \u001b[36mconst\u001b[39m res \u001b[33m=\u001b[39m \u001b[36mawait\u001b[39m request\u001b[33m.\u001b[39mpost(\u001b[32m'/users'\u001b[39m)\u001b[33m.\u001b[39msend(payload)\u001b[33m;\u001b[39m\u001b[22m\n\u001b[2m     \u001b[90m 45 |\u001b[39m\u001b[22m\n\u001b[2m    \u001b[31m\u001b[1m>\u001b[22m\u001b[2m\u001b[39m\u001b[90m 46 |\u001b[39m       expect(res\u001b[33m.\u001b[39mstatusCode)\u001b[33m.\u001b[39mtoBe(\u001b[35m201\u001b[39m)\u001b[33m;\u001b[39m\u001b[22m\n\u001b[2m     \u001b[90m    |\u001b[39m                              \u001b[31m\u001b[1m^\u001b[22m\u001b[2m\u001b[39m\u001b[22m\n\u001b[2m     \u001b[90m 47 |\u001b[39m       expect(res\u001b[33m.\u001b[39mbody\u001b[33m.\u001b[39msuccess)\u001b[33m.\u001b[39mtoBe(\u001b[36mtrue\u001b[39m)\u001b[33m;\u001b[39m\u001b[22m\n\u001b[2m     \u001b[90m 48 |\u001b[39m       expect(res\u001b[33m.\u001b[39mbody\u001b[33m.\u001b[39mdata\u001b[33m.\u001b[39memail)\u001b[33m.\u001b[39mtoBe(payload\u001b[33m.\u001b[39memail)\u001b[33m;\u001b[39m\u001b[22m\n\u001b[2m     \u001b[90m 49 |\u001b[39m       expect(res\u001b[33m.\u001b[39mbody\u001b[33m.\u001b[39mdata\u001b[33m.\u001b[39mfull_name)\u001b[33m.\u001b[39mtoBe(\u001b[32m'Auto Generated'\u001b[39m)\u001b[33m;\u001b[39m\u001b[0m\u001b[22m\n\u001b[2m\u001b[22m\n\u001b[2m      \u001b[2mat Object.toBe (\u001b[22m\u001b[2m\u001b[0m\u001b[36mtests/user.test.js\u001b[39m\u001b[0m\u001b[2m:46:30)\u001b[22m\u001b[2m\u001b[22m\n\n\u001b[1m\u001b[31m  \u001b[1m● \u001b[22m\u001b[1mUser API › POST /users › duplicate email returns conflict error\u001b[39m\u001b[22m\n\n    \u001b[2mexpect(\u001b[22m\u001b[31mreceived\u001b[39m\u001b[2m).\u001b[22mtoBe\u001b[2m(\u001b[22m\u001b[32mexpected\u001b[39m\u001b[2m) // Object.is equality\u001b[22m\n\n    Expected: \u001b[32m201\u001b[39m\n    Received: \u001b[31m500\u001b[39m\n\u001b[2m\u001b[22m\n\u001b[2m    \u001b[0m \u001b[90m 76 |\u001b[39m\u001b[22m\n\u001b[2m     \u001b[90m 77 |\u001b[39m       \u001b[36mconst\u001b[39m first \u001b[33m=\u001b[39m \u001b[36mawait\u001b[39m request\u001b[33m.\u001b[39mpost(\u001b[32m'/users'\u001b[39m)\u001b[33m.\u001b[39msend(payload)\u001b[33m;\u001b[39m\u001b[22m\n\u001b[2m    \u001b[31m\u001b[1m>\u001b[22m\u001b[2m\u001b[39m\u001b[90m 78 |\u001b[39m       expect(first\u001b[33m.\u001b[39mstatusCode)\u001b[33m.\u001b[39mtoBe(\u001b[35m201\u001b[39m)\u001b[33m;\u001b[39m\u001b[22m\n\u001b[2m     \u001b[90m    |\u001b[39m                                \u001b[31m\u001b[1m^\u001b[22m\u001b[2m\u001b[39m\u001b[22m\n\u001b[2m     \u001b[90m 79 |\u001b[39m\u001b[22m\n\u001b[2m     \u001b[90m 80 |\u001b[39m       \u001b[36mconst\u001b[39m second \u001b[33m=\u001b[39m \u001b[36mawait\u001b[39m request\u001b[33m.\u001b[39mpost(\u001b[32m'/users'\u001b[39m)\u001b[33m.\u001b[39msend(payload)\u001b[33m;\u001b[39m\u001b[22m\n\u001b[2m     \u001b[90m 81 |\u001b[39m       expect([\u001b[35m400\u001b[39m\u001b[33m,\u001b[39m \u001b[35m500\u001b[39m])\u001b[33m.\u001b[39mtoContain(second\u001b[33m.\u001b[39mstatusCode)\u001b[33m;\u001b[39m\u001b[0m\u001b[22m\n\u001b[2m\u001b[22m\n\u001b[2m      \u001b[2mat Object.toBe (\u001b[22m\u001b[2m\u001b[0m\u001b[36mtests/user.test.js\u001b[39m\u001b[0m\u001b[2m:78:32)\u001b[22m\u001b[2m\u001b[22m\n","name":"/Users/yogeshl12/Documents/SCOS_EXERCISES/exercise-2/backend/tests/user.test.js","startTime":1780056574316,"status":"failed","summary":""},{"assertionResults":[{"ancestorTitles":["Mapping API","POST /mappings"],"duration":19,"failing":false,"failureDetails":[{"matcherResult":{"actual":500,"expected":201,"message":"\u001b[2mexpect(\u001b[22m\u001b[31mreceived\u001b[39m\u001b[2m).\u001b[22mtoBe\u001b[2m(\u001b[22m\u001b[32mexpected\u001b[39m\u001b[2m) // Object.is equality\u001b[22m\n\nExpected: \u001b[32m201\u001b[39m\nReceived: \u001b[31m500\u001b[39m","name":"toBe","pass":false}}],"failureMessages":["Error: \u001b[2mexpect(\u001b[22m\u001b[31mreceived\u001b[39m\u001b[2m).\u001b[22mtoBe\u001b[2m(\u001b[22m\u001b[32mexpected\u001b[39m\u001b[2m) // Object.is equality\u001b[22m\n\nExpected: \u001b[32m201\u001b[39m\nReceived: \u001b[31m500\u001b[39m\n    at Object.toBe (/Users/yogeshl12/Documents/SCOS_EXERCISES/exercise-2/backend/tests/mapping.test.js:25:30)\n    at processTicksAndRejections (node:internal/process/task_queues:95:5)"],"fullName":"Mapping API POST /mappings create valid mapping returns success with mapping id","invocations":1,"location":null,"numPassingAsserts":0,"retryReasons":[],"startAt":1780056575287,"status":"failed","title":"create valid mapping returns success with mapping id"},{"ancestorTitles":["Mapping API","POST /mappings"],"duration":4,"failing":false,"failureDetails":[],"failureMessages":[],"fullName":"Mapping API POST /mappings missing tenant_id returns validation error","invocations":1,"location":null,"numPassingAsserts":3,"retryReasons":[],"startAt":1780056575308,"status":"passed","title":"missing tenant_id returns validation error"},{"ancestorTitles":["Mapping API","POST /mappings"],"duration":3,"failing":false,"failureDetails":[],"failureMessages":[],"fullName":"Mapping API POST /mappings missing user_id returns validation error","invocations":1,"location":null,"numPassingAsserts":3,"retryReasons":[],"startAt":1780056575312,"status":"passed","title":"missing user_id returns validation error"},{"ancestorTitles":["Mapping API","POST /mappings"],"duration":3,"failing":false,"failureDetails":[],"failureMessages":[],"fullName":"Mapping API POST /mappings missing institute_id returns validation error","invocations":1,"location":null,"numPassingAsserts":3,"retryReasons":[],"startAt":1780056575315,"status":"passed","title":"missing institute_id returns validation error"},{"ancestorTitles":["Mapping API","POST /mappings"],"duration":2,"failing":false,"failureDetails":[],"failureMessages":[],"fullName":"Mapping API POST /mappings missing role_id returns validation error","invocations":1,"location":null,"numPassingAsserts":3,"retryReasons":[],"startAt":1780056575318,"status":"passed","title":"missing role_id returns validation error"},{"ancestorTitles":["Mapping API","POST /mappings"],"duration":3,"failing":false,"failureDetails":[],"failureMessages":[],"fullName":"Mapping API POST /mappings empty body returns validation error","invocations":1,"location":null,"numPassingAsserts":3,"retryReasons":[],"startAt":1780056575321,"status":"passed","title":"empty body returns validation error"},{"ancestorTitles":["Mapping API","Mapping route fallbacks"],"duration":4,"failing":false,"failureDetails":[],"failureMessages":[],"fullName":"Mapping API Mapping route fallbacks GET /mappings returns 404 when route does not exist","invocations":1,"location":null,"numPassingAsserts":1,"retryReasons":[],"startAt":1780056575324,"status":"passed","title":"GET /mappings returns 404 when route does not exist"},{"ancestorTitles":["Mapping API","Mapping route fallbacks"],"duration":2,"failing":false,"failureDetails":[],"failureMessages":[],"fullName":"Mapping API Mapping route fallbacks GET /mappings/:id returns 404 for valid mapping id","invocations":1,"location":null,"numPassingAsserts":1,"retryReasons":[],"startAt":1780056575328,"status":"passed","title":"GET /mappings/:id returns 404 for valid mapping id"},{"ancestorTitles":["Mapping API","Mapping route fallbacks"],"duration":3,"failing":false,"failureDetails":[],"failureMessages":[],"fullName":"Mapping API Mapping route fallbacks GET /mappings/:id returns 404 for invalid mapping id","invocations":1,"location":null,"numPassingAsserts":1,"retryReasons":[],"startAt":1780056575330,"status":"passed","title":"GET /mappings/:id returns 404 for invalid mapping id"},{"ancestorTitles":["Mapping API","Mapping route fallbacks"],"duration":2,"failing":false,"failureDetails":[],"failureMessages":[],"fullName":"Mapping API Mapping route fallbacks PUT /mappings/:id returns 404 when update route is unavailable","invocations":1,"location":null,"numPassingAsserts":1,"retryReasons":[],"startAt":1780056575333,"status":"passed","title":"PUT /mappings/:id returns 404 when update route is unavailable"},{"ancestorTitles":["Mapping API","Mapping route fallbacks"],"duration":2,"failing":false,"failureDetails":[],"failureMessages":[],"fullName":"Mapping API Mapping route fallbacks DELETE /mappings/:id returns 404 when delete route is unavailable","invocations":1,"location":null,"numPassingAsserts":1,"retryReasons":[],"startAt":1780056575336,"status":"passed","title":"DELETE /mappings/:id returns 404 when delete route is unavailable"}],"endTime":1780056575342,"message":"\u001b[1m\u001b[31m  \u001b[1m● \u001b[22m\u001b[1mMapping API › POST /mappings › create valid mapping returns success with mapping id\u001b[39m\u001b[22m\n\n    \u001b[2mexpect(\u001b[22m\u001b[31mreceived\u001b[39m\u001b[2m).\u001b[22mtoBe\u001b[2m(\u001b[22m\u001b[32mexpected\u001b[39m\u001b[2m) // Object.is equality\u001b[22m\n\n    Expected: \u001b[32m201\u001b[39m\n    Received: \u001b[31m500\u001b[39m\n\u001b[2m\u001b[22m\n\u001b[2m    \u001b[0m \u001b[90m 23 |\u001b[39m       \u001b[36mconst\u001b[39m res \u001b[33m=\u001b[39m \u001b[36mawait\u001b[39m request\u001b[33m.\u001b[39mpost(\u001b[32m'/mappings'\u001b[39m)\u001b[33m.\u001b[39msend(validMappingPayload())\u001b[33m;\u001b[39m\u001b[22m\n\u001b[2m     \u001b[90m 24 |\u001b[39m\u001b[22m\n\u001b[2m    \u001b[31m\u001b[1m>\u001b[22m\u001b[2m\u001b[39m\u001b[90m 25 |\u001b[39m       expect(res\u001b[33m.\u001b[39mstatusCode)\u001b[33m.\u001b[39mtoBe(\u001b[35m201\u001b[39m)\u001b[33m;\u001b[39m\u001b[22m\n\u001b[2m     \u001b[90m    |\u001b[39m                              \u001b[31m\u001b[1m^\u001b[22m\u001b[2m\u001b[39m\u001b[22m\n\u001b[2m     \u001b[90m 26 |\u001b[39m       expect(res\u001b[33m.\u001b[39mbody\u001b[33m.\u001b[39msuccess)\u001b[33m.\u001b[39mtoBe(\u001b[36mtrue\u001b[39m)\u001b[33m;\u001b[39m\u001b[22m\n\u001b[2m     \u001b[90m 27 |\u001b[39m       expect(res\u001b[33m.\u001b[39mbody\u001b[33m.\u001b[39mdata)\u001b[33m.\u001b[39mtoHaveProperty(\u001b[32m'id'\u001b[39m)\u001b[33m;\u001b[39m\u001b[22m\n\u001b[2m     \u001b[90m 28 |\u001b[39m       createdMappingId \u001b[33m=\u001b[39m res\u001b[33m.\u001b[39mbody\u001b[33m.\u001b[39mdata\u001b[33m.\u001b[39mid\u001b[33m;\u001b[39m\u001b[0m\u001b[22m\n\u001b[2m\u001b[22m\n\u001b[2m      \u001b[2mat Object.toBe (\u001b[22m\u001b[2m\u001b[0m\u001b[36mtests/mapping.test.js\u001b[39m\u001b[0m\u001b[2m:25:30)\u001b[22m\u001b[2m\u001b[22m\n","name":"/Users/yogeshl12/Documents/SCOS_EXERCISES/exercise-2/backend/tests/mapping.test.js","startTime":1780056575160,"status":"failed","summary":""},{"assertionResults":[{"ancestorTitles":["Institute API","POST /institutes"],"duration":36,"failing":false,"failureDetails":[{"matcherResult":{"actual":500,"expected":200,"message":"\u001b[2mexpect(\u001b[22m\u001b[31mreceived\u001b[39m\u001b[2m).\u001b[22mtoBe\u001b[2m(\u001b[22m\u001b[32mexpected\u001b[39m\u001b[2m) // Object.is equality\u001b[22m\n\nExpected: \u001b[32m200\u001b[39m\nReceived: \u001b[31m500\u001b[39m","name":"toBe","pass":false}}],"failureMessages":["Error: \u001b[2mexpect(\u001b[22m\u001b[31mreceived\u001b[39m\u001b[2m).\u001b[22mtoBe\u001b[2m(\u001b[22m\u001b[32mexpected\u001b[39m\u001b[2m) // Object.is equality\u001b[22m\n\nExpected: \u001b[32m200\u001b[39m\nReceived: \u001b[31m500\u001b[39m\n    at Object.toBe (/Users/yogeshl12/Documents/SCOS_EXERCISES/exercise-2/backend/tests/institute.test.js:27:30)\n    at processTicksAndRejections (node:internal/process/task_queues:95:5)"],"fullName":"Institute API POST /institutes create valid institute returns success and institute schema","invocations":1,"location":null,"numPassingAsserts":0,"retryReasons":[],"startAt":1780056575479,"status":"failed","title":"create valid institute returns success and institute schema"},{"ancestorTitles":["Institute API","POST /institutes"],"duration":10,"failing":false,"failureDetails":[],"failureMessages":[],"fullName":"Institute API POST /institutes missing tenant_id still accepts request or returns validation error","invocations":1,"location":null,"numPassingAsserts":3,"retryReasons":[],"startAt":1780056575517,"status":"passed","title":"missing tenant_id still accepts request or returns validation error"},{"ancestorTitles":["Institute API","Institute route fallbacks"],"duration":3,"failing":false,"failureDetails":[],"failureMessages":[],"fullName":"Institute API Institute route fallbacks GET /institutes returns 404 when not implemented","invocations":1,"location":null,"numPassingAsserts":1,"retryReasons":[],"startAt":1780056575527,"status":"passed","title":"GET /institutes returns 404 when not implemented"},{"ancestorTitles":["Institute API","Institute route fallbacks"],"duration":2,"failing":false,"failureDetails":[],"failureMessages":[],"fullName":"Institute API Institute route fallbacks GET /institutes/:id returns 404 for valid id","invocations":1,"location":null,"numPassingAsserts":1,"retryReasons":[],"startAt":1780056575530,"status":"passed","title":"GET /institutes/:id returns 404 for valid id"},{"ancestorTitles":["Institute API","Institute route fallbacks"],"duration":2,"failing":false,"failureDetails":[],"failureMessages":[],"fullName":"Institute API Institute route fallbacks GET /institutes/:id returns 404 for invalid id","invocations":1,"location":null,"numPassingAsserts":1,"retryReasons":[],"startAt":1780056575533,"status":"passed","title":"GET /institutes/:id returns 404 for invalid id"},{"ancestorTitles":["Institute API","Institute route fallbacks"],"duration":2,"failing":false,"failureDetails":[],"failureMessages":[],"fullName":"Institute API Institute route fallbacks PUT /institutes/:id returns 404 when update route is unavailable","invocations":1,"location":null,"numPassingAsserts":1,"retryReasons":[],"startAt":1780056575535,"status":"passed","title":"PUT /institutes/:id returns 404 when update route is unavailable"},{"ancestorTitles":["Institute API","Institute route fallbacks"],"duration":3,"failing":false,"failureDetails":[],"failureMessages":[],"fullName":"Institute API Institute route fallbacks DELETE /institutes/:id returns 404 when delete route is unavailable","invocations":1,"location":null,"numPassingAsserts":1,"retryReasons":[],"startAt":1780056575537,"status":"passed","title":"DELETE /institutes/:id returns 404 when delete route is unavailable"}],"endTime":1780056575550,"message":"\u001b[1m\u001b[31m  \u001b[1m● \u001b[22m\u001b[1mInstitute API › POST /institutes › create valid institute returns success and institute schema\u001b[39m\u001b[22m\n\n    \u001b[2mexpect(\u001b[22m\u001b[31mreceived\u001b[39m\u001b[2m).\u001b[22mtoBe\u001b[2m(\u001b[22m\u001b[32mexpected\u001b[39m\u001b[2m) // Object.is equality\u001b[22m\n\n    Expected: \u001b[32m200\u001b[39m\n    Received: \u001b[31m500\u001b[39m\n\u001b[2m\u001b[22m\n\u001b[2m    \u001b[0m \u001b[90m 25 |\u001b[39m       \u001b[36mconst\u001b[39m res \u001b[33m=\u001b[39m \u001b[36mawait\u001b[39m request\u001b[33m.\u001b[39mpost(\u001b[32m'/institutes'\u001b[39m)\u001b[33m.\u001b[39msend(validInstitutePayload())\u001b[33m;\u001b[39m\u001b[22m\n\u001b[2m     \u001b[90m 26 |\u001b[39m\u001b[22m\n\u001b[2m    \u001b[31m\u001b[1m>\u001b[22m\u001b[2m\u001b[39m\u001b[90m 27 |\u001b[39m       expect(res\u001b[33m.\u001b[39mstatusCode)\u001b[33m.\u001b[39mtoBe(\u001b[35m200\u001b[39m)\u001b[33m;\u001b[39m\u001b[22m\n\u001b[2m     \u001b[90m    |\u001b[39m                              \u001b[31m\u001b[1m^\u001b[22m\u001b[2m\u001b[39m\u001b[22m\n\u001b[2m     \u001b[90m 28 |\u001b[39m       expect(res\u001b[33m.\u001b[39mbody\u001b[33m.\u001b[39msuccess)\u001b[33m.\u001b[39mtoBe(\u001b[36mtrue\u001b[39m)\u001b[33m;\u001b[39m\u001b[22m\n\u001b[2m     \u001b[90m 29 |\u001b[39m       expect(res\u001b[33m.\u001b[39mbody\u001b[33m.\u001b[39mdata)\u001b[33m.\u001b[39mtoHaveProperty(\u001b[32m'id'\u001b[39m)\u001b[33m;\u001b[39m\u001b[22m\n\u001b[2m     \u001b[90m 30 |\u001b[39m       expect(res\u001b[33m.\u001b[39mbody\u001b[33m.\u001b[39mdata)\u001b[33m.\u001b[39mtoHaveProperty(\u001b[32m'tenant_id'\u001b[39m)\u001b[33m;\u001b[39m\u001b[0m\u001b[22m\n\u001b[2m\u001b[22m\n\u001b[2m      \u001b[2mat Object.toBe (\u001b[22m\u001b[2m\u001b[0m\u001b[36mtests/institute.test.js\u001b[39m\u001b[0m\u001b[2m:27:30)\u001b[22m\u001b[2m\u001b[22m\n","name":"/Users/yogeshl12/Documents/SCOS_EXERCISES/exercise-2/backend/tests/institute.test.js","startTime":1780056575351,"status":"failed","summary":""},{"assertionResults":[{"ancestorTitles":["Role API","POST /roles"],"duration":15,"failing":false,"failureDetails":[{"matcherResult":{"actual":500,"expected":200,"message":"\u001b[2mexpect(\u001b[22m\u001b[31mreceived\u001b[39m\u001b[2m).\u001b[22mtoBe\u001b[2m(\u001b[22m\u001b[32mexpected\u001b[39m\u001b[2m) // Object.is equality\u001b[22m\n\nExpected: \u001b[32m200\u001b[39m\nReceived: \u001b[31m500\u001b[39m","name":"toBe","pass":false}}],"failureMessages":["Error: \u001b[2mexpect(\u001b[22m\u001b[31mreceived\u001b[39m\u001b[2m).\u001b[22mtoBe\u001b[2m(\u001b[22m\u001b[32mexpected\u001b[39m\u001b[2m) // Object.is equality\u001b[22m\n\nExpected: \u001b[32m200\u001b[39m\nReceived: \u001b[31m500\u001b[39m\n    at Object.toBe (/Users/yogeshl12/Documents/SCOS_EXERCISES/exercise-2/backend/tests/role.test.js:24:30)\n    at processTicksAndRejections (node:internal/process/task_queues:95:5)"],"fullName":"Role API POST /roles create valid role returns role schema","invocations":1,"location":null,"numPassingAsserts":0,"retryReasons":[],"startAt":1780056575671,"status":"failed","title":"create valid role returns role schema"},{"ancestorTitles":["Role API","Role route fallbacks"],"duration":4,"failing":false,"failureDetails":[],"failureMessages":[],"fullName":"Role API Role route fallbacks GET /roles returns 404 when route not available","invocations":1,"location":null,"numPassingAsserts":1,"retryReasons":[],"startAt":1780056575687,"status":"passed","title":"GET /roles returns 404 when route not available"},{"ancestorTitles":["Role API","Role route fallbacks"],"duration":3,"failing":false,"failureDetails":[],"failureMessages":[],"fullName":"Role API Role route fallbacks GET /roles/:id returns 404 for valid id","invocations":1,"location":null,"numPassingAsserts":1,"retryReasons":[],"startAt":1780056575692,"status":"passed","title":"GET /roles/:id returns 404 for valid id"},{"ancestorTitles":["Role API","Role route fallbacks"],"duration":2,"failing":false,"failureDetails":[],"failureMessages":[],"fullName":"Role API Role route fallbacks GET /roles/:id returns 404 for invalid id","invocations":1,"location":null,"numPassingAsserts":1,"retryReasons":[],"startAt":1780056575695,"status":"passed","title":"GET /roles/:id returns 404 for invalid id"},{"ancestorTitles":["Role API","Role route fallbacks"],"duration":3,"failing":false,"failureDetails":[],"failureMessages":[],"fullName":"Role API Role route fallbacks PUT /roles/:id returns 404 when update is not implemented","invocations":1,"location":null,"numPassingAsserts":1,"retryReasons":[],"startAt":1780056575697,"status":"passed","title":"PUT /roles/:id returns 404 when update is not implemented"},{"ancestorTitles":["Role API","Role route fallbacks"],"duration":2,"failing":false,"failureDetails":[],"failureMessages":[],"fullName":"Role API Role route fallbacks DELETE /roles/:id returns 404 when delete is not implemented","invocations":1,"location":null,"numPassingAsserts":1,"retryReasons":[],"startAt":1780056575700,"status":"passed","title":"DELETE /roles/:id returns 404 when delete is not implemented"}],"endTime":1780056575705,"message":"\u001b[1m\u001b[31m  \u001b[1m● \u001b[22m\u001b[1mRole API › POST /roles › create valid role returns role schema\u001b[39m\u001b[22m\n\n    \u001b[2mexpect(\u001b[22m\u001b[31mreceived\u001b[39m\u001b[2m).\u001b[22mtoBe\u001b[2m(\u001b[22m\u001b[32mexpected\u001b[39m\u001b[2m) // Object.is equality\u001b[22m\n\n    Expected: \u001b[32m200\u001b[39m\n    Received: \u001b[31m500\u001b[39m\n\u001b[2m\u001b[22m\n\u001b[2m    \u001b[0m \u001b[90m 22 |\u001b[39m       \u001b[36mconst\u001b[39m res \u001b[33m=\u001b[39m \u001b[36mawait\u001b[39m request\u001b[33m.\u001b[39mpost(\u001b[32m'/roles'\u001b[39m)\u001b[33m.\u001b[39msend(validRolePayload())\u001b[33m;\u001b[39m\u001b[22m\n\u001b[2m     \u001b[90m 23 |\u001b[39m\u001b[22m\n\u001b[2m    \u001b[31m\u001b[1m>\u001b[22m\u001b[2m\u001b[39m\u001b[90m 24 |\u001b[39m       expect(res\u001b[33m.\u001b[39mstatusCode)\u001b[33m.\u001b[39mtoBe(\u001b[35m200\u001b[39m)\u001b[33m;\u001b[39m\u001b[22m\n\u001b[2m     \u001b[90m    |\u001b[39m                              \u001b[31m\u001b[1m^\u001b[22m\u001b[2m\u001b[39m\u001b[22m\n\u001b[2m     \u001b[90m 25 |\u001b[39m       expect(res\u001b[33m.\u001b[39mbody\u001b[33m.\u001b[39msuccess)\u001b[33m.\u001b[39mtoBe(\u001b[36mtrue\u001b[39m)\u001b[33m;\u001b[39m\u001b[22m\n\u001b[2m     \u001b[90m 26 |\u001b[39m       expect(res\u001b[33m.\u001b[39mbody\u001b[33m.\u001b[39mdata)\u001b[33m.\u001b[39mtoHaveProperty(\u001b[32m'id'\u001b[39m)\u001b[33m;\u001b[39m\u001b[22m\n\u001b[2m     \u001b[90m 27 |\u001b[39m       expect(res\u001b[33m.\u001b[39mbody\u001b[33m.\u001b[39mdata)\u001b[33m.\u001b[39mtoHaveProperty(\u001b[32m'role_name'\u001b[39m)\u001b[33m;\u001b[39m\u001b[0m\u001b[22m\n\u001b[2m\u001b[22m\n\u001b[2m      \u001b[2mat Object.toBe (\u001b[22m\u001b[2m\u001b[0m\u001b[36mtests/role.test.js\u001b[39m\u001b[0m\u001b[2m:24:30)\u001b[22m\u001b[2m\u001b[22m\n","name":"/Users/yogeshl12/Documents/SCOS_EXERCISES/exercise-2/backend/tests/role.test.js","startTime":1780056575557,"status":"failed","summary":""},{"assertionResults":[{"ancestorTitles":["Security and hardening"],"duration":10,"failing":false,"failureDetails":[],"failureMessages":[],"fullName":"Security and hardening protected API without token returns unauthorized","invocations":1,"location":null,"numPassingAsserts":2,"retryReasons":[],"startAt":1780056575824,"status":"passed","title":"protected API without token returns unauthorized"},{"ancestorTitles":["Security and hardening"],"duration":3,"failing":false,"failureDetails":[],"failureMessages":[],"fullName":"Security and hardening protected API with invalid token returns unauthorized","invocations":1,"location":null,"numPassingAsserts":2,"retryReasons":[],"startAt":1780056575834,"status":"passed","title":"protected API with invalid token returns unauthorized"},{"ancestorTitles":["Security and hardening"],"duration":21,"failing":false,"failureDetails":[],"failureMessages":[],"fullName":"Security and hardening protected API with tampered token returns unauthorized","invocations":1,"location":null,"numPassingAsserts":2,"retryReasons":[],"startAt":1780056575837,"status":"passed","title":"protected API with tampered token returns unauthorized"},{"ancestorTitles":["Security and hardening"],"duration":10,"failing":false,"failureDetails":[],"failureMessages":[],"fullName":"Security and hardening token without Bearer keyword returns unauthorized","invocations":1,"location":null,"numPassingAsserts":2,"retryReasons":[],"startAt":1780056575858,"status":"passed","title":"token without Bearer keyword returns unauthorized"},{"ancestorTitles":["Security and hardening"],"duration":4,"failing":false,"failureDetails":[],"failureMessages":[],"fullName":"Security and hardening SQL injection payload returns invalid credentials or safe failure","invocations":1,"location":null,"numPassingAsserts":2,"retryReasons":[],"startAt":1780056575868,"status":"passed","title":"SQL injection payload returns invalid credentials or safe failure"},{"ancestorTitles":["Security and hardening"],"duration":4,"failing":false,"failureDetails":[],"failureMessages":[],"fullName":"Security and hardening XSS payload returns invalid credentials or safe failure","invocations":1,"location":null,"numPassingAsserts":2,"retryReasons":[],"startAt":1780056575872,"status":"passed","title":"XSS payload returns invalid credentials or safe failure"},{"ancestorTitles":["Security and hardening"],"duration":3,"failing":false,"failureDetails":[],"failureMessages":[],"fullName":"Security and hardening malformed JSON returns parser error","invocations":1,"location":null,"numPassingAsserts":1,"retryReasons":[],"startAt":1780056575876,"status":"passed","title":"malformed JSON returns parser error"},{"ancestorTitles":["Security and hardening"],"duration":5,"failing":false,"failureDetails":[],"failureMessages":[],"fullName":"Security and hardening large payload handling returns client or server error","invocations":1,"location":null,"numPassingAsserts":1,"retryReasons":[],"startAt":1780056575879,"status":"passed","title":"large payload handling returns client or server error"},{"ancestorTitles":["Security and hardening"],"duration":7,"failing":false,"failureDetails":[],"failureMessages":[],"fullName":"Security and hardening sensitive fields are not exposed in login response","invocations":1,"location":null,"numPassingAsserts":4,"retryReasons":[],"startAt":1780056575884,"status":"passed","title":"sensitive fields are not exposed in login response"},{"ancestorTitles":["Security and hardening"],"duration":17,"failing":false,"failureDetails":[],"failureMessages":[],"fullName":"Security and hardening reused valid token works on protected endpoint","invocations":1,"location":null,"numPassingAsserts":3,"retryReasons":[],"startAt":1780056575891,"status":"passed","title":"reused valid token works on protected endpoint"}],"endTime":1780056575909,"message":"","name":"/Users/yogeshl12/Documents/SCOS_EXERCISES/exercise-2/backend/tests/security.test.js","startTime":1780056575712,"status":"passed","summary":""},{"assertionResults":[{"ancestorTitles":["Auth API","POST /auth/login"],"duration":8,"failing":false,"failureDetails":[],"failureMessages":[],"fullName":"Auth API POST /auth/login valid login returns token and user object","invocations":1,"location":null,"numPassingAsserts":6,"retryReasons":[],"startAt":1780056576070,"status":"passed","title":"valid login returns token and user object"},{"ancestorTitles":["Auth API","POST /auth/login"],"duration":4,"failing":false,"failureDetails":[],"failureMessages":[],"fullName":"Auth API POST /auth/login invalid email returns invalid credentials","invocations":1,"location":null,"numPassingAsserts":3,"retryReasons":[],"startAt":1780056576078,"status":"passed","title":"invalid email returns invalid credentials"},{"ancestorTitles":["Auth API","POST /auth/login"],"duration":4,"failing":false,"failureDetails":[],"failureMessages":[],"fullName":"Auth API POST /auth/login wrong password returns invalid credentials","invocations":1,"location":null,"numPassingAsserts":3,"retryReasons":[],"startAt":1780056576082,"status":"passed","title":"wrong password returns invalid credentials"},{"ancestorTitles":["Auth API","POST /auth/login"],"duration":4,"failing":false,"failureDetails":[],"failureMessages":[],"fullName":"Auth API POST /auth/login empty body returns validation error","invocations":1,"location":null,"numPassingAsserts":3,"retryReasons":[],"startAt":1780056576086,"status":"passed","title":"empty body returns validation error"},{"ancestorTitles":["Auth API","GET /auth/my-institutes-roles"],"duration":6,"failing":false,"failureDetails":[],"failureMessages":[],"fullName":"Auth API GET /auth/my-institutes-roles returns user institutes and roles with valid token","invocations":1,"location":null,"numPassingAsserts":4,"retryReasons":[],"startAt":1780056576090,"status":"passed","title":"returns user institutes and roles with valid token"},{"ancestorTitles":["Auth API","GET /auth/my-institutes-roles"],"duration":6,"failing":false,"failureDetails":[],"failureMessages":[],"fullName":"Auth API GET /auth/my-institutes-roles returns unauthorized without token","invocations":1,"location":null,"numPassingAsserts":3,"retryReasons":[],"startAt":1780056576097,"status":"passed","title":"returns unauthorized without token"},{"ancestorTitles":["Auth API","GET /auth/my-institutes-roles"],"duration":4,"failing":false,"failureDetails":[],"failureMessages":[],"fullName":"Auth API GET /auth/my-institutes-roles returns unauthorized with invalid token","invocations":1,"location":null,"numPassingAsserts":3,"retryReasons":[],"startAt":1780056576103,"status":"passed","title":"returns unauthorized with invalid token"},{"ancestorTitles":["Auth API","POST /auth/select-context"],"duration":8,"failing":false,"failureDetails":[],"failureMessages":[],"fullName":"Auth API POST /auth/select-context select institute and role with valid token","invocations":1,"location":null,"numPassingAsserts":9,"retryReasons":[],"startAt":1780056576107,"status":"passed","title":"select institute and role with valid token"},{"ancestorTitles":["Auth API","POST /auth/select-context"],"duration":6,"failing":false,"failureDetails":[],"failureMessages":[],"fullName":"Auth API POST /auth/select-context select context with invalid institute_id returns error","invocations":1,"location":null,"numPassingAsserts":3,"retryReasons":[],"startAt":1780056576115,"status":"passed","title":"select context with invalid institute_id returns error"}],"endTime":1780056576122,"message":"","name":"/Users/yogeshl12/Documents/SCOS_EXERCISES/exercise-2/backend/tests/auth.test.js","startTime":1780056575927,"status":"passed","summary":""}],"wasInterrupted":false}
